2017-10-22 21:38:16,274 DEBUG main [junit4.SpringJUnit4ClassRunner] - SpringJUnit4ClassRunner constructor called with [class PlacesAutocompleteServicesTest]
2017-10-22 21:38:16,287 DEBUG main [context.BootstrapUtils] - Instantiating CacheAwareContextLoaderDelegate from class [org.springframework.test.context.cache.DefaultCacheAwareContextLoaderDelegate]
2017-10-22 21:38:16,316 DEBUG main [context.BootstrapUtils] - Instantiating BootstrapContext using constructor [public org.springframework.test.context.support.DefaultBootstrapContext(java.lang.Class,org.springframework.test.context.CacheAwareContextLoaderDelegate)]
2017-10-22 21:38:16,340 DEBUG main [context.BootstrapUtils] - Instantiating TestContextBootstrapper for test class [PlacesAutocompleteServicesTest] from class [org.springframework.test.context.support.DefaultTestContextBootstrapper]
2017-10-22 21:38:16,393 DEBUG main [support.AbstractDelegatingSmartContextLoader] - Delegating to AnnotationConfigContextLoader to process context configuration [ContextConfigurationAttributes@6c3708b3 declaringClass = 'PlacesAutocompleteServicesTest', classes = '{class com.zazen.infrastructure.configuration.InfrastructureConfigurationListener}', locations = '{}', inheritLocations = true, initializers = '{}', inheritInitializers = true, name = [null], contextLoaderClass = 'org.springframework.test.context.ContextLoader'].
2017-10-22 21:38:16,422 DEBUG main [support.ActiveProfilesUtils] - Could not find an 'annotation declaring class' for annotation type [org.springframework.test.context.ActiveProfiles] and class [PlacesAutocompleteServicesTest]
2017-10-22 21:38:16,423 DEBUG main [support.DefaultTestContextBootstrapper] - @TestExecutionListeners is not present for class [PlacesAutocompleteServicesTest]: using defaults.
2017-10-22 21:38:16,426 INFO  main [support.DefaultTestContextBootstrapper] - Loaded default TestExecutionListener class names from location [META-INF/spring.factories]: [org.springframework.test.context.web.ServletTestExecutionListener, org.springframework.test.context.support.DirtiesContextBeforeModesTestExecutionListener, org.springframework.test.context.support.DependencyInjectionTestExecutionListener, org.springframework.test.context.support.DirtiesContextTestExecutionListener, org.springframework.test.context.transaction.TransactionalTestExecutionListener, org.springframework.test.context.jdbc.SqlScriptsTestExecutionListener]
2017-10-22 21:38:16,460 INFO  main [support.DefaultTestContextBootstrapper] - Using TestExecutionListeners: [org.springframework.test.context.web.ServletTestExecutionListener@bd8db5a, org.springframework.test.context.support.DirtiesContextBeforeModesTestExecutionListener@2f943d71, org.springframework.test.context.support.DependencyInjectionTestExecutionListener@80503, org.springframework.test.context.support.DirtiesContextTestExecutionListener@4b553d26, org.springframework.test.context.transaction.TransactionalTestExecutionListener@69a3d1d, org.springframework.test.context.jdbc.SqlScriptsTestExecutionListener@86be70a]
2017-10-22 21:38:16,463 DEBUG main [annotation.ProfileValueUtils] - Retrieved @ProfileValueSourceConfiguration [null] for test class [PlacesAutocompleteServicesTest]
2017-10-22 21:38:16,464 DEBUG main [annotation.ProfileValueUtils] - Retrieved ProfileValueSource type [class org.springframework.test.annotation.SystemProfileValueSource] for class [PlacesAutocompleteServicesTest]
2017-10-22 21:38:16,466 DEBUG main [annotation.ProfileValueUtils] - Retrieved @ProfileValueSourceConfiguration [null] for test class [PlacesAutocompleteServicesTest]
2017-10-22 21:38:16,467 DEBUG main [annotation.ProfileValueUtils] - Retrieved ProfileValueSource type [class org.springframework.test.annotation.SystemProfileValueSource] for class [PlacesAutocompleteServicesTest]
2017-10-22 21:38:16,471 DEBUG main [support.AbstractDirtiesContextTestExecutionListener] - Before test class: context [DefaultTestContext@36b4cef0 testClass = PlacesAutocompleteServicesTest, testInstance = [null], testMethod = [null], testException = [null], mergedContextConfiguration = [MergedContextConfiguration@fad74ee testClass = PlacesAutocompleteServicesTest, locations = '{}', classes = '{class com.zazen.infrastructure.configuration.InfrastructureConfigurationListener}', contextInitializerClasses = '[]', activeProfiles = '{}', propertySourceLocations = '{}', propertySourceProperties = '{}', contextCustomizers = set[[empty]], contextLoader = 'org.springframework.test.context.support.DelegatingSmartContextLoader', parent = [null]]], class annotated with @DirtiesContext [false] with mode [null].
2017-10-22 21:38:16,472 DEBUG main [annotation.ProfileValueUtils] - Retrieved @ProfileValueSourceConfiguration [null] for test class [PlacesAutocompleteServicesTest]
2017-10-22 21:38:16,472 DEBUG main [annotation.ProfileValueUtils] - Retrieved ProfileValueSource type [class org.springframework.test.annotation.SystemProfileValueSource] for class [PlacesAutocompleteServicesTest]
2017-10-22 21:38:16,477 DEBUG main [support.DependencyInjectionTestExecutionListener] - Performing dependency injection for test context [[DefaultTestContext@36b4cef0 testClass = PlacesAutocompleteServicesTest, testInstance = PlacesAutocompleteServicesTest@23d2a7e8, testMethod = [null], testException = [null], mergedContextConfiguration = [MergedContextConfiguration@fad74ee testClass = PlacesAutocompleteServicesTest, locations = '{}', classes = '{class com.zazen.infrastructure.configuration.InfrastructureConfigurationListener}', contextInitializerClasses = '[]', activeProfiles = '{}', propertySourceLocations = '{}', propertySourceProperties = '{}', contextCustomizers = set[[empty]], contextLoader = 'org.springframework.test.context.support.DelegatingSmartContextLoader', parent = [null]]]].
2017-10-22 21:38:16,478 DEBUG main [support.AbstractDelegatingSmartContextLoader] - Delegating to AnnotationConfigContextLoader to load context from [MergedContextConfiguration@fad74ee testClass = PlacesAutocompleteServicesTest, locations = '{}', classes = '{class com.zazen.infrastructure.configuration.InfrastructureConfigurationListener}', contextInitializerClasses = '[]', activeProfiles = '{}', propertySourceLocations = '{}', propertySourceProperties = '{}', contextCustomizers = set[[empty]], contextLoader = 'org.springframework.test.context.support.DelegatingSmartContextLoader', parent = [null]].
2017-10-22 21:38:16,478 DEBUG main [support.AbstractGenericContextLoader] - Loading ApplicationContext for merged context configuration [[MergedContextConfiguration@fad74ee testClass = PlacesAutocompleteServicesTest, locations = '{}', classes = '{class com.zazen.infrastructure.configuration.InfrastructureConfigurationListener}', contextInitializerClasses = '[]', activeProfiles = '{}', propertySourceLocations = '{}', propertySourceProperties = '{}', contextCustomizers = set[[empty]], contextLoader = 'org.springframework.test.context.support.DelegatingSmartContextLoader', parent = [null]]].
2017-10-22 21:38:16,630 DEBUG main [env.StandardEnvironment] - Adding [systemProperties] PropertySource with lowest search precedence
2017-10-22 21:38:16,632 DEBUG main [env.StandardEnvironment] - Adding [systemEnvironment] PropertySource with lowest search precedence
2017-10-22 21:38:16,633 DEBUG main [env.StandardEnvironment] - Initialized StandardEnvironment with PropertySources [systemProperties,systemEnvironment]
2017-10-22 21:38:16,641 DEBUG main [support.AnnotationConfigContextLoader] - Registering annotated classes: {class com.zazen.infrastructure.configuration.InfrastructureConfigurationListener}
2017-10-22 21:38:16,699 INFO  main [support.GenericApplicationContext] - Refreshing org.springframework.context.support.GenericApplicationContext@8646db9: startup date [Sun Oct 22 21:38:16 EDT 2017]; root of context hierarchy
2017-10-22 21:38:16,700 DEBUG main [support.GenericApplicationContext] - Bean factory for org.springframework.context.support.GenericApplicationContext@8646db9: org.springframework.beans.factory.support.DefaultListableBeanFactory@3a079870: defining beans [org.springframework.context.annotation.internalConfigurationAnnotationProcessor,org.springframework.context.annotation.internalAutowiredAnnotationProcessor,org.springframework.context.annotation.internalRequiredAnnotationProcessor,org.springframework.context.annotation.internalCommonAnnotationProcessor,org.springframework.context.annotation.internalPersistenceAnnotationProcessor,org.springframework.context.event.internalEventListenerProcessor,org.springframework.context.event.internalEventListenerFactory,infrastructureConfigurationListener]; root of factory hierarchy
2017-10-22 21:38:16,722 DEBUG main [support.DefaultListableBeanFactory] - Creating shared instance of singleton bean 'org.springframework.context.annotation.internalConfigurationAnnotationProcessor'
2017-10-22 21:38:16,723 DEBUG main [support.DefaultListableBeanFactory] - Creating instance of bean 'org.springframework.context.annotation.internalConfigurationAnnotationProcessor'
2017-10-22 21:38:16,758 DEBUG main [support.DefaultListableBeanFactory] - Eagerly caching bean 'org.springframework.context.annotation.internalConfigurationAnnotationProcessor' to allow for resolving potential circular references
2017-10-22 21:38:16,761 DEBUG main [support.DefaultListableBeanFactory] - Finished creating instance of bean 'org.springframework.context.annotation.internalConfigurationAnnotationProcessor'
2017-10-22 21:38:16,772 DEBUG main [support.DefaultListableBeanFactory] - Creating shared instance of singleton bean 'org.springframework.context.annotation.internalAutowiredAnnotationProcessor'
2017-10-22 21:38:16,772 DEBUG main [support.DefaultListableBeanFactory] - Creating instance of bean 'org.springframework.context.annotation.internalAutowiredAnnotationProcessor'
2017-10-22 21:38:16,773 INFO  main [annotation.AutowiredAnnotationBeanPostProcessor] - JSR-330 'javax.inject.Inject' annotation found and supported for autowiring
2017-10-22 21:38:16,773 DEBUG main [support.DefaultListableBeanFactory] - Eagerly caching bean 'org.springframework.context.annotation.internalAutowiredAnnotationProcessor' to allow for resolving potential circular references
2017-10-22 21:38:16,774 DEBUG main [support.DefaultListableBeanFactory] - Finished creating instance of bean 'org.springframework.context.annotation.internalAutowiredAnnotationProcessor'
2017-10-22 21:38:16,774 DEBUG main [support.DefaultListableBeanFactory] - Creating shared instance of singleton bean 'org.springframework.context.annotation.internalRequiredAnnotationProcessor'
2017-10-22 21:38:16,774 DEBUG main [support.DefaultListableBeanFactory] - Creating instance of bean 'org.springframework.context.annotation.internalRequiredAnnotationProcessor'
2017-10-22 21:38:16,775 DEBUG main [support.DefaultListableBeanFactory] - Eagerly caching bean 'org.springframework.context.annotation.internalRequiredAnnotationProcessor' to allow for resolving potential circular references
2017-10-22 21:38:16,776 DEBUG main [support.DefaultListableBeanFactory] - Finished creating instance of bean 'org.springframework.context.annotation.internalRequiredAnnotationProcessor'
2017-10-22 21:38:16,776 DEBUG main [support.DefaultListableBeanFactory] - Creating shared instance of singleton bean 'org.springframework.context.annotation.internalCommonAnnotationProcessor'
2017-10-22 21:38:16,777 DEBUG main [support.DefaultListableBeanFactory] - Creating instance of bean 'org.springframework.context.annotation.internalCommonAnnotationProcessor'
2017-10-22 21:38:16,785 DEBUG main [support.DefaultListableBeanFactory] - Eagerly caching bean 'org.springframework.context.annotation.internalCommonAnnotationProcessor' to allow for resolving potential circular references
2017-10-22 21:38:16,786 DEBUG main [support.DefaultListableBeanFactory] - Finished creating instance of bean 'org.springframework.context.annotation.internalCommonAnnotationProcessor'
2017-10-22 21:38:16,786 DEBUG main [support.DefaultListableBeanFactory] - Creating shared instance of singleton bean 'org.springframework.context.annotation.internalPersistenceAnnotationProcessor'
2017-10-22 21:38:16,787 DEBUG main [support.DefaultListableBeanFactory] - Creating instance of bean 'org.springframework.context.annotation.internalPersistenceAnnotationProcessor'
2017-10-22 21:38:16,790 DEBUG main [support.DefaultListableBeanFactory] - Eagerly caching bean 'org.springframework.context.annotation.internalPersistenceAnnotationProcessor' to allow for resolving potential circular references
2017-10-22 21:38:16,790 DEBUG main [support.DefaultListableBeanFactory] - Finished creating instance of bean 'org.springframework.context.annotation.internalPersistenceAnnotationProcessor'
2017-10-22 21:38:16,790 DEBUG main [support.DefaultListableBeanFactory] - Creating shared instance of singleton bean 'org.springframework.context.annotation.ConfigurationClassPostProcessor.importAwareProcessor'
2017-10-22 21:38:16,791 DEBUG main [support.DefaultListableBeanFactory] - Creating instance of bean 'org.springframework.context.annotation.ConfigurationClassPostProcessor.importAwareProcessor'
2017-10-22 21:38:16,791 DEBUG main [support.DefaultListableBeanFactory] - Eagerly caching bean 'org.springframework.context.annotation.ConfigurationClassPostProcessor.importAwareProcessor' to allow for resolving potential circular references
2017-10-22 21:38:16,792 DEBUG main [support.DefaultListableBeanFactory] - Finished creating instance of bean 'org.springframework.context.annotation.ConfigurationClassPostProcessor.importAwareProcessor'
2017-10-22 21:38:16,792 DEBUG main [support.DefaultListableBeanFactory] - Creating shared instance of singleton bean 'org.springframework.context.annotation.ConfigurationClassPostProcessor.enhancedConfigurationProcessor'
2017-10-22 21:38:16,793 DEBUG main [support.DefaultListableBeanFactory] - Creating instance of bean 'org.springframework.context.annotation.ConfigurationClassPostProcessor.enhancedConfigurationProcessor'
2017-10-22 21:38:16,793 DEBUG main [support.DefaultListableBeanFactory] - Eagerly caching bean 'org.springframework.context.annotation.ConfigurationClassPostProcessor.enhancedConfigurationProcessor' to allow for resolving potential circular references
2017-10-22 21:38:16,794 DEBUG main [support.DefaultListableBeanFactory] - Finished creating instance of bean 'org.springframework.context.annotation.ConfigurationClassPostProcessor.enhancedConfigurationProcessor'
2017-10-22 21:38:16,803 DEBUG main [support.GenericApplicationContext] - Unable to locate MessageSource with name 'messageSource': using default [org.springframework.context.support.DelegatingMessageSource@61230f6a]
2017-10-22 21:38:16,806 DEBUG main [support.GenericApplicationContext] - Unable to locate ApplicationEventMulticaster with name 'applicationEventMulticaster': using default [org.springframework.context.event.SimpleApplicationEventMulticaster@72a7c7e0]
2017-10-22 21:38:16,812 DEBUG main [support.DefaultListableBeanFactory] - Pre-instantiating singletons in org.springframework.beans.factory.support.DefaultListableBeanFactory@3a079870: defining beans [org.springframework.context.annotation.internalConfigurationAnnotationProcessor,org.springframework.context.annotation.internalAutowiredAnnotationProcessor,org.springframework.context.annotation.internalRequiredAnnotationProcessor,org.springframework.context.annotation.internalCommonAnnotationProcessor,org.springframework.context.annotation.internalPersistenceAnnotationProcessor,org.springframework.context.event.internalEventListenerProcessor,org.springframework.context.event.internalEventListenerFactory,infrastructureConfigurationListener,org.springframework.context.annotation.ConfigurationClassPostProcessor.importAwareProcessor,org.springframework.context.annotation.ConfigurationClassPostProcessor.enhancedConfigurationProcessor]; root of factory hierarchy
2017-10-22 21:38:16,812 DEBUG main [support.DefaultListableBeanFactory] - Returning cached instance of singleton bean 'org.springframework.context.annotation.internalConfigurationAnnotationProcessor'
2017-10-22 21:38:16,813 DEBUG main [support.DefaultListableBeanFactory] - Returning cached instance of singleton bean 'org.springframework.context.annotation.internalAutowiredAnnotationProcessor'
2017-10-22 21:38:16,813 DEBUG main [support.DefaultListableBeanFactory] - Returning cached instance of singleton bean 'org.springframework.context.annotation.internalRequiredAnnotationProcessor'
2017-10-22 21:38:16,813 DEBUG main [support.DefaultListableBeanFactory] - Returning cached instance of singleton bean 'org.springframework.context.annotation.internalCommonAnnotationProcessor'
2017-10-22 21:38:16,814 DEBUG main [support.DefaultListableBeanFactory] - Returning cached instance of singleton bean 'org.springframework.context.annotation.internalPersistenceAnnotationProcessor'
2017-10-22 21:38:16,814 DEBUG main [support.DefaultListableBeanFactory] - Creating shared instance of singleton bean 'org.springframework.context.event.internalEventListenerProcessor'
2017-10-22 21:38:16,815 DEBUG main [support.DefaultListableBeanFactory] - Creating instance of bean 'org.springframework.context.event.internalEventListenerProcessor'
2017-10-22 21:38:16,831 DEBUG main [support.DefaultListableBeanFactory] - Eagerly caching bean 'org.springframework.context.event.internalEventListenerProcessor' to allow for resolving potential circular references
2017-10-22 21:38:16,844 DEBUG main [support.DefaultListableBeanFactory] - Finished creating instance of bean 'org.springframework.context.event.internalEventListenerProcessor'
2017-10-22 21:38:16,845 DEBUG main [support.DefaultListableBeanFactory] - Creating shared instance of singleton bean 'org.springframework.context.event.internalEventListenerFactory'
2017-10-22 21:38:16,845 DEBUG main [support.DefaultListableBeanFactory] - Creating instance of bean 'org.springframework.context.event.internalEventListenerFactory'
2017-10-22 21:38:16,846 DEBUG main [support.DefaultListableBeanFactory] - Eagerly caching bean 'org.springframework.context.event.internalEventListenerFactory' to allow for resolving potential circular references
2017-10-22 21:38:16,850 DEBUG main [support.DefaultListableBeanFactory] - Finished creating instance of bean 'org.springframework.context.event.internalEventListenerFactory'
2017-10-22 21:38:16,851 DEBUG main [support.DefaultListableBeanFactory] - Creating shared instance of singleton bean 'infrastructureConfigurationListener'
2017-10-22 21:38:16,851 DEBUG main [support.DefaultListableBeanFactory] - Creating instance of bean 'infrastructureConfigurationListener'
2017-10-22 21:38:16,852 DEBUG main [support.DefaultListableBeanFactory] - Eagerly caching bean 'infrastructureConfigurationListener' to allow for resolving potential circular references
2017-10-22 21:38:16,854 DEBUG main [support.DefaultListableBeanFactory] - Finished creating instance of bean 'infrastructureConfigurationListener'
2017-10-22 21:38:16,855 DEBUG main [support.DefaultListableBeanFactory] - Returning cached instance of singleton bean 'org.springframework.context.annotation.ConfigurationClassPostProcessor.importAwareProcessor'
2017-10-22 21:38:16,855 DEBUG main [support.DefaultListableBeanFactory] - Returning cached instance of singleton bean 'org.springframework.context.annotation.ConfigurationClassPostProcessor.enhancedConfigurationProcessor'
2017-10-22 21:38:16,856 DEBUG main [support.DefaultListableBeanFactory] - Returning cached instance of singleton bean 'org.springframework.context.event.internalEventListenerFactory'
2017-10-22 21:38:16,884 DEBUG main [support.GenericApplicationContext] - Unable to locate LifecycleProcessor with name 'lifecycleProcessor': using default [org.springframework.context.support.DefaultLifecycleProcessor@15ff3e9e]
2017-10-22 21:38:16,885 DEBUG main [support.DefaultListableBeanFactory] - Returning cached instance of singleton bean 'lifecycleProcessor'
2017-10-22 21:38:16,888 DEBUG main [env.PropertySourcesPropertyResolver] - Could not find key 'spring.liveBeansView.mbeanDomain' in any property source
2017-10-22 21:38:16,892 DEBUG main [cache.DefaultCacheAwareContextLoaderDelegate] - Storing ApplicationContext in cache under key [[MergedContextConfiguration@fad74ee testClass = PlacesAutocompleteServicesTest, locations = '{}', classes = '{class com.zazen.infrastructure.configuration.InfrastructureConfigurationListener}', contextInitializerClasses = '[]', activeProfiles = '{}', propertySourceLocations = '{}', propertySourceProperties = '{}', contextCustomizers = set[[empty]], contextLoader = 'org.springframework.test.context.support.DelegatingSmartContextLoader', parent = [null]]]
2017-10-22 21:38:16,892 DEBUG main [context.cache] - Spring test ApplicationContext cache statistics: [DefaultContextCache@3bb9a3ff size = 1, maxSize = 32, parentContextCount = 0, hitCount = 0, missCount = 1]
2017-10-22 21:38:16,901 DEBUG main [annotation.InjectionMetadata] - Processing injected element of bean 'PlacesAutocompleteServicesTest': AutowiredFieldElement for com.zazen.infrastructure.google.autocomplete.PlacesAutocompleteServices PlacesAutocompleteServicesTest.placesAutocompleteServices
2017-10-22 21:38:16,911 ERROR main [context.TestContextManager] - Caught exception while allowing TestExecutionListener [org.springframework.test.context.support.DependencyInjectionTestExecutionListener@80503] to prepare test instance [PlacesAutocompleteServicesTest@23d2a7e8]
org.springframework.beans.factory.UnsatisfiedDependencyException: Error creating bean with name 'PlacesAutocompleteServicesTest': Unsatisfied dependency expressed through field 'placesAutocompleteServices': No qualifying bean of type [com.zazen.infrastructure.google.autocomplete.PlacesAutocompleteServices] found for dependency [com.zazen.infrastructure.google.autocomplete.PlacesAutocompleteServices]: expected at least 1 bean which qualifies as autowire candidate for this dependency. Dependency annotations: {@org.springframework.beans.factory.annotation.Autowired(required=true)}; nested exception is org.springframework.beans.factory.NoSuchBeanDefinitionException: No qualifying bean of type [com.zazen.infrastructure.google.autocomplete.PlacesAutocompleteServices] found for dependency [com.zazen.infrastructure.google.autocomplete.PlacesAutocompleteServices]: expected at least 1 bean which qualifies as autowire candidate for this dependency. Dependency annotations: {@org.springframework.beans.factory.annotation.Autowired(required=true)}
	at org.springframework.beans.factory.annotation.AutowiredAnnotationBeanPostProcessor$AutowiredFieldElement.inject(AutowiredAnnotationBeanPostProcessor.java:569)
	at org.springframework.beans.factory.annotation.InjectionMetadata.inject(InjectionMetadata.java:88)
	at org.springframework.beans.factory.annotation.AutowiredAnnotationBeanPostProcessor.postProcessPropertyValues(AutowiredAnnotationBeanPostProcessor.java:349)
	at org.springframework.beans.factory.support.AbstractAutowireCapableBeanFactory.populateBean(AbstractAutowireCapableBeanFactory.java:1214)
	at org.springframework.beans.factory.support.AbstractAutowireCapableBeanFactory.autowireBeanProperties(AbstractAutowireCapableBeanFactory.java:385)
	at org.springframework.test.context.support.DependencyInjectionTestExecutionListener.injectDependencies(DependencyInjectionTestExecutionListener.java:118)
	at org.springframework.test.context.support.DependencyInjectionTestExecutionListener.prepareTestInstance(DependencyInjectionTestExecutionListener.java:83)
	at org.springframework.test.context.TestContextManager.prepareTestInstance(TestContextManager.java:230)
	at org.springframework.test.context.junit4.SpringJUnit4ClassRunner.createTest(SpringJUnit4ClassRunner.java:228)
	at org.springframework.test.context.junit4.SpringJUnit4ClassRunner$1.runReflectiveCall(SpringJUnit4ClassRunner.java:287)
	at org.junit.internal.runners.model.ReflectiveCallable.run(ReflectiveCallable.java:12)
	at org.springframework.test.context.junit4.SpringJUnit4ClassRunner.methodBlock(SpringJUnit4ClassRunner.java:289)
	at org.springframework.test.context.junit4.SpringJUnit4ClassRunner.runChild(SpringJUnit4ClassRunner.java:247)
	at org.springframework.test.context.junit4.SpringJUnit4ClassRunner.runChild(SpringJUnit4ClassRunner.java:94)
	at org.junit.runners.ParentRunner$3.run(ParentRunner.java:290)
	at org.junit.runners.ParentRunner$1.schedule(ParentRunner.java:71)
	at org.junit.runners.ParentRunner.runChildren(ParentRunner.java:288)
	at org.junit.runners.ParentRunner.access$000(ParentRunner.java:58)
	at org.junit.runners.ParentRunner$2.evaluate(ParentRunner.java:268)
	at org.springframework.test.context.junit4.statements.RunBeforeTestClassCallbacks.evaluate(RunBeforeTestClassCallbacks.java:61)
	at org.springframework.test.context.junit4.statements.RunAfterTestClassCallbacks.evaluate(RunAfterTestClassCallbacks.java:70)
	at org.junit.runners.ParentRunner.run(ParentRunner.java:363)
	at org.springframework.test.context.junit4.SpringJUnit4ClassRunner.run(SpringJUnit4ClassRunner.java:191)
	at org.apache.maven.surefire.junit4.JUnit4Provider.execute(JUnit4Provider.java:252)
	at org.apache.maven.surefire.junit4.JUnit4Provider.executeTestSet(JUnit4Provider.java:141)
	at org.apache.maven.surefire.junit4.JUnit4Provider.invoke(JUnit4Provider.java:112)
	at sun.reflect.NativeMethodAccessorImpl.invoke0(Native Method)
	at sun.reflect.NativeMethodAccessorImpl.invoke(NativeMethodAccessorImpl.java:62)
	at sun.reflect.DelegatingMethodAccessorImpl.invoke(DelegatingMethodAccessorImpl.java:43)
	at java.lang.reflect.Method.invoke(Method.java:497)
	at org.apache.maven.surefire.util.ReflectionUtils.invokeMethodWithArray(ReflectionUtils.java:189)
	at org.apache.maven.surefire.booter.ProviderFactory$ProviderProxy.invoke(ProviderFactory.java:165)
	at org.apache.maven.surefire.booter.ProviderFactory.invokeProvider(ProviderFactory.java:85)
	at org.apache.maven.surefire.booter.ForkedBooter.runSuitesInProcess(ForkedBooter.java:115)
	at org.apache.maven.surefire.booter.ForkedBooter.main(ForkedBooter.java:75)
Caused by: org.springframework.beans.factory.NoSuchBeanDefinitionException: No qualifying bean of type [com.zazen.infrastructure.google.autocomplete.PlacesAutocompleteServices] found for dependency [com.zazen.infrastructure.google.autocomplete.PlacesAutocompleteServices]: expected at least 1 bean which qualifies as autowire candidate for this dependency. Dependency annotations: {@org.springframework.beans.factory.annotation.Autowired(required=true)}
	at org.springframework.beans.factory.support.DefaultListableBeanFactory.raiseNoMatchingBeanFound(DefaultListableBeanFactory.java:1406)
	at org.springframework.beans.factory.support.DefaultListableBeanFactory.doResolveDependency(DefaultListableBeanFactory.java:1057)
	at org.springframework.beans.factory.support.DefaultListableBeanFactory.resolveDependency(DefaultListableBeanFactory.java:1019)
	at org.springframework.beans.factory.annotation.AutowiredAnnotationBeanPostProcessor$AutowiredFieldElement.inject(AutowiredAnnotationBeanPostProcessor.java:566)
	... 34 more
2017-10-22 21:38:16,923 DEBUG main [support.AbstractDirtiesContextTestExecutionListener] - After test class: context [DefaultTestContext@36b4cef0 testClass = PlacesAutocompleteServicesTest, testInstance = [null], testMethod = [null], testException = [null], mergedContextConfiguration = [MergedContextConfiguration@fad74ee testClass = PlacesAutocompleteServicesTest, locations = '{}', classes = '{class com.zazen.infrastructure.configuration.InfrastructureConfigurationListener}', contextInitializerClasses = '[]', activeProfiles = '{}', propertySourceLocations = '{}', propertySourceProperties = '{}', contextCustomizers = set[[empty]], contextLoader = 'org.springframework.test.context.support.DelegatingSmartContextLoader', parent = [null]]], class annotated with @DirtiesContext [false] with mode [null].
2017-10-22 21:38:16,929 INFO  Thread-0 [support.GenericApplicationContext] - Closing org.springframework.context.support.GenericApplicationContext@8646db9: startup date [Sun Oct 22 21:38:16 EDT 2017]; root of context hierarchy
2017-10-22 21:38:16,929 DEBUG Thread-0 [support.DefaultListableBeanFactory] - Returning cached instance of singleton bean 'lifecycleProcessor'
2017-10-22 21:38:16,930 DEBUG Thread-0 [support.DefaultListableBeanFactory] - Destroying singletons in org.springframework.beans.factory.support.DefaultListableBeanFactory@3a079870: defining beans [org.springframework.context.annotation.internalConfigurationAnnotationProcessor,org.springframework.context.annotation.internalAutowiredAnnotationProcessor,org.springframework.context.annotation.internalRequiredAnnotationProcessor,org.springframework.context.annotation.internalCommonAnnotationProcessor,org.springframework.context.annotation.internalPersistenceAnnotationProcessor,org.springframework.context.event.internalEventListenerProcessor,org.springframework.context.event.internalEventListenerFactory,infrastructureConfigurationListener,org.springframework.context.annotation.ConfigurationClassPostProcessor.importAwareProcessor,org.springframework.context.annotation.ConfigurationClassPostProcessor.enhancedConfigurationProcessor]; root of factory hierarchy
